<?xml version="1.0" encoding="UTF-8"?>
<!-- Generated by org.testng.reporters.JUnitReportReporter -->
<testsuite hostname="MADHURIKOTHURI" failures="0" tests="1" name="Assert.SoftAsserts" time="0.017" errors="0" timestamp="2024-03-13T14:37:41 IST" skipped="0">
  <testcase classname="Assert.SoftAsserts" name="sample1" time="0.017"/>
  <system-out/>
</testsuite> <!-- Assert.SoftAsserts -->
